<?xml version="1.0" encoding="UTF-8"?>
<!-- Generated by org.testng.reporters.JUnitXMLReporter -->
<testsuite ignored="0" hostname="OF060C21ETMD6NT" failures="0" tests="2" name="Command line test" time="19.365" errors="0" timestamp="2025-08-29T13:16:34 IST">
  <testcase classname="io.cucumber.testng.AbstractTestNGCucumberTests" name="runScenario" time="12.798"/>
  <testcase classname="io.cucumber.testng.AbstractTestNGCucumberTests" name="runScenario" time="14.243"/>
</testsuite> <!-- Command line test -->
